<?xml version="1.0" encoding="UTF-8"?>
<testsuite xmlns:xsi="http://www.w3.org/2001/XMLSchema-instance" xsi:schemaLocation="https://maven.apache.org/surefire/maven-surefire-plugin/xsd/surefire-test-report.xsd" name="TestSuite" time="0.85" tests="2" errors="0" skipped="0" failures="0">
  <properties>
    <property name="PROCESSOR_ARCHITECTURE" value="AMD64"/>
    <property name="file.encoding.pkg" value="sun.io"/>
    <property name="LOGONSERVER" value="\\DHD"/>
    <property name="ProgramData" value="C:\ProgramData"/>
    <property name="java.home" value="E:\develop\Java\jdk1.8.0_161\jre"/>
    <property name="TITLE" value="Tomcat"/>
    <property name="NODE_NAME" value="master"/>
    <property name="LG_PATH" value="D:\TempHP LoadRunner 12.02 Community Edition\"/>
    <property name="JENKINS_URL" value="http://localhost:8080/jenkins/"/>
    <property name="CATALINA_HOME" value="E:\develop\apache-tomcat-7.0.82"/>
    <property name="ALLUSERSPROFILE" value="C:\ProgramData"/>
    <property name="java.endorsed.dirs" value="E:\develop\Java\jdk1.8.0_161\jre\lib\endorsed"/>
    <property name="PSModulePath" value="C:\windows\system32\WindowsPowerShell\v1.0\Modules\"/>
    <property name="=::" value="::\"/>
    <property name="USERDOMAIN" value="DHD"/>
    <property name="sun.os.patch.level" value="Service Pack 1"/>
    <property name="java.vendor.url" value="http://java.oracle.com/"/>
    <property name="JAVA_OPTS" value=" &quot;-Djdk.tls.ephemeralDHKeySize=2048&quot;"/>
    <property name="CommonProgramFiles(x86)" value="C:\Program Files (x86)\Common Files"/>
    <property name="java.version" value="1.8.0_161"/>
    <property name="JOB_NAME" value="WebdriverDemo"/>
    <property name="COMPUTERNAME" value="DHD"/>
    <property name="EXECUTABLE" value="E:\develop\apache-tomcat-7.0.82\bin\catalina.bat"/>
    <property name="java.vendor.url.bug" value="http://bugreport.sun.com/bugreport/"/>
    <property name="PUBLIC" value="C:\Users\Public"/>
    <property name="user.name" value="hjh"/>
    <property name="sun.io.unicode.encoding" value="UnicodeLittle"/>
    <property name="sun.jnu.encoding" value="GBK"/>
    <property name="java.runtime.name" value="Java(TM) SE Runtime Environment"/>
    <property name="windir" value="C:\windows"/>
    <property name="PROCESSOR_IDENTIFIER" value="Intel64 Family 6 Model 60 Stepping 3, GenuineIntel"/>
    <property name="=E:" value="E:\develop\apache-tomcat-7.0.82\bin"/>
    <property name="java.specification.name" value="Java Platform API Specification"/>
    <property name="LOCALAPPDATA" value="C:\Users\hjh\AppData\Local"/>
    <property name="RUN_CHANGES_DISPLAY_URL" value="http://localhost:8080/jenkins/job/WebdriverDemo/3/display/redirect?page=changes"/>
    <property name="user.timezone" value="Asia/Shanghai"/>
    <property name="user.script" value=""/>
    <property name="path.separator" value=";"/>
    <property name="NUMBER_OF_PROCESSORS" value="4"/>
    <property name="BUILD_TAG" value="jenkins-WebdriverDemo-3"/>
    <property name="windows_tracing_flags" value="3"/>
    <property name="file.encoding" value="GBK"/>
    <property name="sun.java.command" value="jenkins.maven3.agent.Maven35Main E:\develop\apache-maven-3.5.0 E:\develop\apache-tomcat-7.0.82\webapps\jenkins\WEB-INF\lib\remoting-3.29.jar C:\Users\hjh\.jenkins\plugins\maven-plugin\WEB-INF\lib\maven35-interceptor-1.13.jar C:\Users\hjh\.jenkins\plugins\maven-plugin\WEB-INF\lib\maven3-interceptor-commons-1.13.jar 26320"/>
    <property name="HUDSON_URL" value="http://localhost:8080/jenkins/"/>
    <property name="JENKINS_SERVER_COOKIE" value="f97359fa9332f377"/>
    <property name="EXECUTOR_NUMBER" value="1"/>
    <property name="Path" value="E:\oracledb\product\11.2.0\dbhome_1\bin;E:\develop\apache-jmeter-5.0\bin;E:\develop\Java\jdk1.8.0_161\bin;C:\ProgramData\Oracle\Java\javapath;C:\windows\system32;C:\windows;C:\windows\System32\Wbem;C:\windows\System32\WindowsPowerShell\v1.0\;C:\Program Files (x86)\MySQL\MySQL Fabric 1.5 &amp; MySQL Utilities 1.5\;C:\Program Files (x86)\MySQL\MySQL Fabric 1.5 &amp; MySQL Utilities 1.5\Doctrine extensions for PHP\;E:\develop\apache-maven-3.5.0\bin;D:\TempHP LoadRunner 12.02 Community Edition\strawberry-perl\perl\bin;E:\develop\SVN\bin;E:\develop\Git\cmd;E:\develop\apache-tomcat-7.0.82\bin;C:\Users\hjh\AppData\Local\Programs\Fiddler;C:\Users\hjh\AppData\Local\BypassRuntm"/>
    <property name="GIT_COMMIT" value="f300c3b5ca7cf41043478ca6e5cf8c7dd9e55d8a"/>
    <property name="java.io.tmpdir" value="C:\Users\hjh\AppData\Local\Temp\"/>
    <property name="APPDATA" value="C:\Users\hjh\AppData\Roaming"/>
    <property name="user.language" value="zh"/>
    <property name="CATALINA_TMPDIR" value="E:\develop\apache-tomcat-7.0.82\temp"/>
    <property name="line.separator" value="&#10;"/>
    <property name="BUILD_URL" value="http://localhost:8080/jenkins/job/WebdriverDemo/3/"/>
    <property name="JAVA_ENDORSED_DIRS" value="E:\develop\apache-tomcat-7.0.82\endorsed"/>
    <property name="ACTION" value="start"/>
    <property name="M2_HOME" value="E:\develop\apache-maven-3.5.0"/>
    <property name="java.vm.info" value="mixed mode"/>
    <property name="sun.desktop" value="windows"/>
    <property name="java.vm.specification.name" value="Java Virtual Machine Specification"/>
    <property name="BUILD_DISPLAY_NAME" value="#3"/>
    <property name="OS" value="Windows_NT"/>
    <property name="guice.disable.misplaced.annotation.check" value="true"/>
    <property name="CATALINA_BASE" value="E:\develop\apache-tomcat-7.0.82"/>
    <property name="HUDSON_SERVER_COOKIE" value="f97359fa9332f377"/>
    <property name="JRE_HOME" value="E:\develop\Java\jdk1.8.0_161"/>
    <property name="_EXECJAVA" value="start &quot;Tomcat&quot; &quot;E:\develop\Java\jdk1.8.0_161\bin\java.exe&quot;"/>
    <property name="_RUNJAVA" value="&quot;E:\develop\Java\jdk1.8.0_161\bin\java.exe&quot;"/>
    <property name="MAVEN_HOME" value="E:\develop\apache-maven-3.5.0"/>
    <property name="SESSIONNAME" value="Console"/>
    <property name="PATHEXT" value=".COM;.EXE;.BAT;.CMD;.VBS;.VBE;.JS;.JSE;.WSF;.WSH;.MSC"/>
    <property name="java.awt.printerjob" value="sun.awt.windows.WPrinterJob"/>
    <property name="maven3.interceptor.common" value="C:\Users\hjh\.jenkins\plugins\maven-plugin\WEB-INF\lib\maven3-interceptor-commons-1.13.jar"/>
    <property name="CLASSPATH" value=""/>
    <property name="LOGGING_CONFIG" value="-Djava.util.logging.config.file=&quot;E:\develop\apache-tomcat-7.0.82\conf\logging.properties&quot;"/>
    <property name="ANALYSIS_PATH" value="D:\TempHP LoadRunner 12.02 Community Edition\"/>
    <property name="HOMEPATH" value="\Users\hjh"/>
    <property name="os.name" value="Windows 7"/>
    <property name="java.specification.vendor" value="Oracle Corporation"/>
    <property name="FP_NO_HOST_CHECK" value="NO"/>
    <property name="java.vm.name" value="Java HotSpot(TM) 64-Bit Server VM"/>
    <property name="BUILD_NUMBER" value="3"/>
    <property name="maven3.interceptor" value="C:\Users\hjh\.jenkins\plugins\maven-plugin\WEB-INF\lib\maven35-interceptor-1.13.jar"/>
    <property name="java.library.path" value="E:\develop\Java\jdk1.8.0_161\bin;C:\windows\Sun\Java\bin;C:\windows\system32;C:\windows;E:\develop\apache-maven-3.5.0/bin;E:\oracledb\product\11.2.0\dbhome_1\bin;E:\develop\apache-jmeter-5.0\bin;E:\develop\Java\jdk1.8.0_161\bin;C:\ProgramData\Oracle\Java\javapath;C:\windows\system32;C:\windows;C:\windows\System32\Wbem;C:\windows\System32\WindowsPowerShell\v1.0\;C:\Program Files (x86)\MySQL\MySQL Fabric 1.5 &amp; MySQL Utilities 1.5\;C:\Program Files (x86)\MySQL\MySQL Fabric 1.5 &amp; MySQL Utilities 1.5\Doctrine extensions for PHP\;E:\develop\apache-maven-3.5.0\bin;D:\TempHP LoadRunner 12.02 Community Edition\strawberry-perl\perl\bin;E:\develop\SVN\bin;E:\develop\Git\cmd;E:\develop\apache-tomcat-7.0.82\bin;C:\Users\hjh\AppData\Local\Programs\Fiddler;C:\Users\hjh\AppData\Local\BypassRuntm;."/>
    <property name="HOMEDRIVE" value="C:"/>
    <property name="POM_GROUPID" value="Automation"/>
    <property name="POM_ARTIFACTID" value="Selenmiu"/>
    <property name="java.class.version" value="52.0"/>
    <property name="JSSE_OPTS" value="&quot;-Djdk.tls.ephemeralDHKeySize=2048&quot;"/>
    <property name="LOGGING_MANAGER" value="-Djava.util.logging.manager=org.apache.juli.ClassLoaderLogManager"/>
    <property name="_RUNJDB" value="&quot;E:\develop\Java\jdk1.8.0_161\bin\jdb.exe&quot;"/>
    <property name="JOB_URL" value="http://localhost:8080/jenkins/job/WebdriverDemo/"/>
    <property name="GIT_BRANCH" value="origin/master"/>
    <property name="RUN_DISPLAY_URL" value="http://localhost:8080/jenkins/job/WebdriverDemo/3/display/redirect"/>
    <property name="MAINCLASS" value="org.apache.catalina.startup.Bootstrap"/>
    <property name="JENKINS_HOME" value="C:\Users\hjh\.jenkins"/>
    <property name="BUILD_ID" value="3"/>
    <property name="TEMP" value="C:\Users\hjh\AppData\Local\Temp"/>
    <property name="sun.boot.library.path" value="E:\develop\Java\jdk1.8.0_161\jre\bin"/>
    <property name="VUGEN_PATH" value="D:\TempHP LoadRunner 12.02 Community Edition\"/>
    <property name="sun.management.compiler" value="HotSpot 64-Bit Tiered Compilers"/>
    <property name="java.awt.graphicsenv" value="sun.awt.Win32GraphicsEnvironment"/>
    <property name="user.variant" value=""/>
    <property name="PROCESSOR_REVISION" value="3c03"/>
    <property name="POM_VERSION" value="1.0-SNAPSHOT"/>
    <property name="HUDSON_HOME" value="C:\Users\hjh\.jenkins"/>
    <property name="ProgramFiles(x86)" value="C:\Program Files (x86)"/>
    <property name="PATH+MAVEN" value="E:\develop\apache-maven-3.5.0/bin"/>
    <property name="PROMPT" value="$P$G"/>
    <property name="CURRENT_DIR" value="E:\develop\apache-tomcat-7.0.82\bin"/>
    <property name="java.vm.specification.version" value="1.8"/>
    <property name="JAVA_HOME" value="E:\develop\Java\jdk1.8.0_161"/>
    <property name="awt.toolkit" value="sun.awt.windows.WToolkit"/>
    <property name="NODE_LABELS" value="master"/>
    <property name="sun.cpu.isalist" value="amd64"/>
    <property name="USERPROFILE" value="C:\Users\hjh"/>
    <property name="JOB_DISPLAY_URL" value="http://localhost:8080/jenkins/job/WebdriverDemo/display/redirect"/>
    <property name="java.ext.dirs" value="E:\develop\Java\jdk1.8.0_161\jre\lib\ext;C:\windows\Sun\Java\lib\ext"/>
    <property name="os.version" value="6.1"/>
    <property name="user.home" value="C:\Users\hjh"/>
    <property name="USERNAME" value="hjh"/>
    <property name="java.vm.vendor" value="Oracle Corporation"/>
    <property name="PROCESSOR_LEVEL" value="6"/>
    <property name="CommonProgramW6432" value="C:\Program Files\Common Files"/>
    <property name="user.dir" value="D:\IDEASeleniumStudy"/>
    <property name="maven.conf" value="E:\develop\apache-maven-3.5.0\conf"/>
    <property name="ProgramW6432" value="C:\Program Files"/>
    <property name="TMP" value="C:\Users\hjh\AppData\Local\Temp"/>
    <property name="sun.cpu.endian" value="little"/>
    <property name="SystemDrive" value="C:"/>
    <property name="java.vm.version" value="25.161-b12"/>
    <property name="java.class.path" value="C:\Users\hjh\.jenkins\plugins\maven-plugin\WEB-INF\lib\maven35-agent-1.13.jar;E:\develop\apache-maven-3.5.0\boot\plexus-classworlds-2.5.2.jar;E:\develop\apache-maven-3.5.0/conf/logging"/>
    <property name="org.slf4j.simpleLogger.defaultLogLevel" value="info"/>
    <property name="os.arch" value="amd64"/>
    <property name="WORKSPACE" value="C:\Users\hjh\.jenkins\workspace\WebdriverDemo"/>
    <property name="ComSpec" value="C:\windows\system32\cmd.exe"/>
    <property name="sun.java.launcher" value="SUN_STANDARD"/>
    <property name="SystemRoot" value="C:\windows"/>
    <property name="CommonProgramFiles" value="C:\Program Files\Common Files"/>
    <property name="java.vm.specification.vendor" value="Oracle Corporation"/>
    <property name="file.separator" value="\"/>
    <property name="LR_PATH" value="D:\TempHP LoadRunner 12.02 Community Edition\"/>
    <property name="java.runtime.version" value="1.8.0_161-b12"/>
    <property name="JMETER_HOME" value="E:\develop\apache-jmeter-5.0"/>
    <property name="sun.boot.class.path" value="E:\develop\Java\jdk1.8.0_161\jre\lib\resources.jar;E:\develop\Java\jdk1.8.0_161\jre\lib\rt.jar;E:\develop\Java\jdk1.8.0_161\jre\lib\sunrsasign.jar;E:\develop\Java\jdk1.8.0_161\jre\lib\jsse.jar;E:\develop\Java\jdk1.8.0_161\jre\lib\jce.jar;E:\develop\Java\jdk1.8.0_161\jre\lib\charsets.jar;E:\develop\Java\jdk1.8.0_161\jre\lib\jfr.jar;E:\develop\Java\jdk1.8.0_161\jre\classes"/>
    <property name="ProgramFiles" value="C:\Program Files"/>
    <property name="user.country" value="CN"/>
    <property name="POM_PACKAGING" value="jar"/>
    <property name="maven.home" value="E:\develop\apache-maven-3.5.0"/>
    <property name="JOB_BASE_NAME" value="WebdriverDemo"/>
    <property name="java.vendor" value="Oracle Corporation"/>
    <property name="POM_DISPLAYNAME" value="Selenmiu"/>
    <property name="java.specification.version" value="1.8"/>
    <property name="sun.arch.data.model" value="64"/>
    <property name="GIT_URL" value="https://github.com/1399595169/IDEASeleniumStudy.git"/>
  </properties>
  <testcase name="case1" classname="com.selenium.testNG.TestNGDemo" time="0.002"/>
  <testcase name="case2" classname="com.selenium.testNG.TestNGDemo" time="0"/>
</testsuite>