<?xml version="1.0" encoding="UTF-8"?>
<!-- Generated by org.testng.reporters.JUnitReportReporter -->
<testsuite hostname="DHD" name="com.selenium.testNG.TestNGDemo" tests="2" failures="0" timestamp="30 Aug 2019 04:14:30 GMT" time="0.002" errors="0">
  <testcase name="case1" time="0.000" classname="com.selenium.testNG.TestNGDemo"/>
  <testcase name="case2" time="0.002" classname="com.selenium.testNG.TestNGDemo"/>
</testsuite> <!-- com.selenium.testNG.TestNGDemo -->
